<?xml version="1.0" encoding="UTF-8"?>
<!-- Generated by org.testng.reporters.JUnitReportReporter -->
<testsuite hostname="ITSG002722-MAC" failures="0" tests="10" name="test.monefy.TestMonefyApp" time="62.198" errors="0" timestamp="2021-09-03T19:32:09 IST" skipped="0">
  <testcase classname="test.monefy.TestMonefyApp" name="addNewIncome" time="10.370"/>
  <testcase classname="test.monefy.TestMonefyApp" name="addNewIncome" time="9.671"/>
  <testcase classname="test.monefy.TestMonefyApp" name="addNewExpenseFromHomeScreen" time="5.240"/>
  <testcase classname="test.monefy.TestMonefyApp" name="addNewExpenseFromHomeScreen" time="5.180"/>
  <testcase classname="test.monefy.TestMonefyApp" name="addNewExpenseFromExpenseButton" time="9.684"/>
  <testcase classname="test.monefy.TestMonefyApp" name="addNewExpenseFromExpenseButton" time="9.730"/>
  <testcase classname="test.monefy.TestMonefyApp" name="validateBalanceCalculation" time="5.956"/>
  <testcase classname="test.monefy.TestMonefyApp" name="validateIncomeAndExpenseHomeScreen" time="0.177"/>
  <testcase classname="test.monefy.TestMonefyApp" name="validateBalanceCalculation" time="6.016"/>
  <testcase classname="test.monefy.TestMonefyApp" name="validateIncomeAndExpenseHomeScreen" time="0.174"/>
</testsuite> <!-- test.monefy.TestMonefyApp -->
