<?xml version="1.0" encoding="UTF-8"?>
<!-- Generated by org.testng.reporters.JUnitReportReporter -->
<testsuite hostname="ITSG002722-MAC" failures="0" tests="10" name="test.monefy.TestMonefyApp" time="64.939" errors="0" timestamp="2021-09-04T12:00:45 IST" skipped="0">
  <testcase classname="test.monefy.TestMonefyApp" name="addNewIncome" time="10.478"/>
  <testcase classname="test.monefy.TestMonefyApp" name="addNewIncome" time="10.180"/>
  <testcase classname="test.monefy.TestMonefyApp" name="addNewExpenseFromHomeScreen" time="5.619"/>
  <testcase classname="test.monefy.TestMonefyApp" name="addNewExpenseFromHomeScreen" time="5.494"/>
  <testcase classname="test.monefy.TestMonefyApp" name="addNewExpenseFromExpenseButton" time="10.182"/>
  <testcase classname="test.monefy.TestMonefyApp" name="addNewExpenseFromExpenseButton" time="10.067"/>
  <testcase classname="test.monefy.TestMonefyApp" name="validateBalanceCalculation" time="5.972"/>
  <testcase classname="test.monefy.TestMonefyApp" name="validateBalanceCalculation" time="6.540"/>
  <testcase classname="test.monefy.TestMonefyApp" name="validateIncomeAndExpenseHomeScreen" time="0.221"/>
  <testcase classname="test.monefy.TestMonefyApp" name="validateIncomeAndExpenseHomeScreen" time="0.186"/>
</testsuite> <!-- test.monefy.TestMonefyApp -->
