<?xml version="1.0" encoding="UTF-8"?>
<!-- Generated by org.testng.reporters.JUnitReportReporter -->
<testsuite hostname="ITSG002722-MAC" failures="0" tests="2" name="N26.monefy.ExpenseTest" time="16.135" errors="0" timestamp="2021-09-03T13:44:09 IST" skipped="0">
  <testcase classname="N26.monefy.ExpenseTest" name="addNewIncome" time="6.981"/>
  <testcase classname="N26.monefy.ExpenseTest" name="addNewExpense" time="9.154"/>
</testsuite> <!-- N26.monefy.ExpenseTest -->
