<?xml version="1.0" encoding="UTF-8"?>
<!-- Generated by org.testng.reporters.JUnitReportReporter -->
<testsuite hostname="ITSG002722-MAC" failures="0" tests="10" name="N26.monefy.TestMonefyApp" time="62.774" errors="0" timestamp="2021-09-03T19:27:11 IST" skipped="0">
  <testcase classname="N26.monefy.TestMonefyApp" name="addNewIncome" time="10.441"/>
  <testcase classname="N26.monefy.TestMonefyApp" name="addNewIncome" time="9.780"/>
  <testcase classname="N26.monefy.TestMonefyApp" name="addNewExpenseFromHomeScreen" time="5.110"/>
  <testcase classname="N26.monefy.TestMonefyApp" name="addNewExpenseFromHomeScreen" time="5.301"/>
  <testcase classname="N26.monefy.TestMonefyApp" name="addNewExpenseFromExpenseButton" time="10.197"/>
  <testcase classname="N26.monefy.TestMonefyApp" name="addNewExpenseFromExpenseButton" time="9.631"/>
  <testcase classname="N26.monefy.TestMonefyApp" name="validateBalanceCalculation" time="6.103"/>
  <testcase classname="N26.monefy.TestMonefyApp" name="validateIncomeAndExpenseHomeScreen" time="0.146"/>
  <testcase classname="N26.monefy.TestMonefyApp" name="validateBalanceCalculation" time="5.884"/>
  <testcase classname="N26.monefy.TestMonefyApp" name="validateIncomeAndExpenseHomeScreen" time="0.181"/>
</testsuite> <!-- N26.monefy.TestMonefyApp -->
